Added Component: Designator=C1(SMA)
Add component. Clean all parameters for all variants
Added Component: Designator=IC1(RFM95W)
Add component. Clean all parameters for all variants
Added Component: Designator=P1(MHDR2X20)
Add component. Clean all parameters for all variants
Add component (AddParameter): Name = "LatestRevisionDate"; Value = "17-Jul-2002"; VariantName = "[No Variations]"
Add component (AddParameter): Name = "LatestRevisionNote"; Value = "Re-released for DXP Platform."; VariantName = "[No Variations]"
Add component (AddParameter): Name = "Publisher"; Value = "Altium Limited"; VariantName = "[No Variations]"
Added Component: Designator=P2(HDR1X3)
Add component. Clean all parameters for all variants
Add component (AddParameter): Name = "LatestRevisionDate"; Value = "17-Jul-2002"; VariantName = "[No Variations]"
Add component (AddParameter): Name = "LatestRevisionNote"; Value = "Re-released for DXP Platform."; VariantName = "[No Variations]"
Add component (AddParameter): Name = "Publisher"; Value = "Altium Limited"; VariantName = "[No Variations]"
Added Component: Designator=P3(HDR1X3)
Add component. Clean all parameters for all variants
Add component (AddParameter): Name = "LatestRevisionDate"; Value = "17-Jul-2002"; VariantName = "[No Variations]"
Add component (AddParameter): Name = "LatestRevisionNote"; Value = "Re-released for DXP Platform."; VariantName = "[No Variations]"
Add component (AddParameter): Name = "Publisher"; Value = "Altium Limited"; VariantName = "[No Variations]"
Added Pin To Net: NetName=3V3 Pin=IC1-12
Added Pin To Net: NetName=3V3 Pin=P1-17
Added Net: Name=3V3
Added Pin To Net: NetName=5V Pin=P1-2
Added Pin To Net: NetName=5V Pin=P2-1
Added Net: Name=5V
Added Pin To Net: NetName=ANT Pin=C1-2
Added Pin To Net: NetName=ANT Pin=IC1-16
Added Net: Name=ANT
Added Pin To Net: NetName=DIO0_0 Pin=IC1-11
Added Pin To Net: NetName=DIO0_0 Pin=P3-2
Added Net: Name=DIO0_0
Added Pin To Net: NetName=DIO0_1 Pin=P1-29
Added Pin To Net: NetName=DIO0_1 Pin=P3-3
Added Net: Name=DIO0_1
Added Pin To Net: NetName=DIO0 Pin=P1-15
Added Pin To Net: NetName=DIO0 Pin=P3-1
Added Net: Name=DIO0
Added Pin To Net: NetName=DIO1 Pin=IC1-10
Added Pin To Net: NetName=DIO1 Pin=P1-16
Added Net: Name=DIO1
Added Pin To Net: NetName=DIO2 Pin=IC1-9
Added Pin To Net: NetName=DIO2 Pin=P1-18
Added Net: Name=DIO2
Added Pin To Net: NetName=GND Pin=C1-1
Added Pin To Net: NetName=GND Pin=C1-3
Added Pin To Net: NetName=GND Pin=IC1-1
Added Pin To Net: NetName=GND Pin=P1-9
Added Pin To Net: NetName=GND Pin=P2-3
Added Net: Name=GND
Added Pin To Net: NetName=GPIO4 Pin=P1-7
Added Pin To Net: NetName=GPIO4 Pin=P2-2
Added Net: Name=GPIO4
Added Pin To Net: NetName=MISO Pin=IC1-7
Added Pin To Net: NetName=MISO Pin=P1-21
Added Net: Name=MISO
Added Pin To Net: NetName=MOSI Pin=IC1-6
Added Pin To Net: NetName=MOSI Pin=P1-19
Added Net: Name=MOSI
Added Pin To Net: NetName=NSS Pin=IC1-4
Added Pin To Net: NetName=NSS Pin=P1-26
Added Net: Name=NSS
Added Pin To Net: NetName=RST Pin=IC1-3
Added Pin To Net: NetName=RST Pin=P1-22
Added Net: Name=RST
Added Pin To Net: NetName=SCK Pin=IC1-5
Added Pin To Net: NetName=SCK Pin=P1-23
Added Net: Name=SCK
Added Class: Name=rpi
Added Room: Name=rpi
