Removed Pin From Net: NetName=GND Pin=*-2
Removed Pin From Net: NetName=GND Pin=IC4-3
Removed Pin From Net: NetName=GND Pin=P1-2
Removed Pin From Net: NetName=NetQ1_2 Pin=Q1-1
Removed Pin From Net: NetName=Vext Pin=Q1-3
Removed Pin From Net: NetName=NetQ1_2 Pin=R3-1
Removed Pin From Net: NetName=VextGPIO Pin=R3-2
Removed Member From Class: ClassName=FirebeetleNodoFinal Member=R3
Change Component Footprint: Designator=R1 Old Footprint=J1-0603 New Footprint=AXIAL-0.3
Change Component Footprint: Designator=Q1 Old Footprint=SOT-23_L New Footprint=TO-92A
Change Component Comment : Designator=Q1 Old Comment=MOSFET-P New Comment=2N3904
Change Component Comment : Designator=R1 Old Comment=Res3 New Comment=Res1
Change component parameters: Designator = "R1"; Footprint = "AXIAL-0.3"; UniqueID = "\PXWJVCJS"
Change component parameters. Clean all parameters for all variants
Change component parameters (AddParameter): Name = "LatestRevisionDate"; Value = "17-Jul-2002"; VariantName = "[No Variations]"
Change component parameters (AddParameter): Name = "LatestRevisionNote"; Value = "Re-released for DXP Platform."; VariantName = "[No Variations]"
Change component parameters (AddParameter): Name = "PackageDescription"; Value = "Axial Device, Thru-Hole; 2 Leads; 0.3 in Pin Spacing"; VariantName = "[No Variations]"
Change component parameters (AddParameter): Name = "PackageReference"; Value = "AXIAL-0.3"; VariantName = "[No Variations]"
Change component parameters (AddParameter): Name = "Published"; Value = "8-Jun-2000"; VariantName = "[No Variations]"
Change component parameters (AddParameter): Name = "Publisher"; Value = "Altium Limited"; VariantName = "[No Variations]"
Change component parameters (AddParameter): Name = "Value"; Value = "1.5K"; VariantName = "[No Variations]"
Change component parameters: Designator = "Q1"; Footprint = "TO-92A"; UniqueID = "\MOBFNHVM"
Change component parameters. Clean all parameters for all variants
Change component parameters (AddParameter): Name = "ComponentLink1Description"; Value = "Manufacturer Link"; VariantName = "[No Variations]"
Change component parameters (AddParameter): Name = "ComponentLink1URL"; Value = "http://www.fairchildsemi.com/"; VariantName = "[No Variations]"
Change component parameters (AddParameter): Name = "ComponentLink2Description"; Value = "Datasheet"; VariantName = "[No Variations]"
Change component parameters (AddParameter): Name = "ComponentLink2URL"; Value = "http://www.fairchildsemi.com/ds/2N%2F2N3904.pdf"; VariantName = "[No Variations]"
Change component parameters (AddParameter): Name = "DatasheetVersion"; Value = "1997"; VariantName = "[No Variations]"
Change component parameters (AddParameter): Name = "LatestRevisionDate"; Value = "15-Jan-2003"; VariantName = "[No Variations]"
Change component parameters (AddParameter): Name = "LatestRevisionNote"; Value = "PCB Footprint 'BCY-W3/D4.7' replaced"; VariantName = "[No Variations]"
Change component parameters (AddParameter): Name = "PackageDescription"; Value = "TO, Flat Index; 3 In-Line, Axial Leads; Body Dia. 4.5mm; Leads 0.51 x 0.48 mm (max)"; VariantName = "[No Variations]"
Change component parameters (AddParameter): Name = "PackageReference"; Value = "TO-92A"; VariantName = "[No Variations]"
Change component parameters (AddParameter): Name = "PackageVersion"; Value = "Sep-1998"; VariantName = "[No Variations]"
Change component parameters (AddParameter): Name = "Published"; Value = "8-Jun-2000"; VariantName = "[No Variations]"
Change component parameters (AddParameter): Name = "Publisher"; Value = "Altium Limited"; VariantName = "[No Variations]"
Added Pin To Net: NetName=Vext Pin=IC4-31
Added Pin To Net: NetName=NetQ1_2 Pin=Q1-2
Added Pin To Net: NetName=GND Pin=Q1-3
Added Pin To Net: NetName=VextGPIO Pin=R1-2
Change Net Name : Old Net Name=GND New Net Name=GND_GPS
Change Net Name : Old Net Name=Vext New Net Name=3V3
Added Pin To Net: NetName=GND Pin=*-2
Added Pin To Net: NetName=GND Pin=IC4-3
Added Pin To Net: NetName=GND Pin=P1-2
Added Pin To Net: NetName=GND Pin=Q1-1
Added Net: Name=GND
Added Member To Class: ClassName=FirebeetleNodoFinal Member=Component * Li18650
Added Room: Name=FirebeetleNodoFinal
