Removed Pin From Net: NetName=3V3GPS Pin=IC1-2
Removed Pin From Net: NetName=GND Pin=IC1-3
Removed Pin From Net: NetName=DIO0 Pin=IC1-12
Removed Pin From Net: NetName=RX Pin=IC1-13
Removed Pin From Net: NetName=TX Pin=IC1-14
Removed Pin From Net: NetName=RST Pin=IC1-20
Removed Pin From Net: NetName=NSS Pin=IC1-21
Removed Pin From Net: NetName=SDA Pin=IC1-23
Removed Pin From Net: NetName=SCL Pin=IC1-24
Removed Pin From Net: NetName=MISO Pin=IC1-25
Removed Pin From Net: NetName=MOSI Pin=IC1-26
Removed Pin From Net: NetName=SCK Pin=IC1-27
Removed Pin From Net: NetName=3V3 Pin=IC1-31
Added Component: Designator=IC4(FIREBEETLE)
Add component. Clean all parameters for all variants
Added Pin To Net: NetName=3V3GPS Pin=IC4-2
Added Pin To Net: NetName=GND Pin=IC4-3
Added Pin To Net: NetName=DIO0 Pin=IC4-12
Added Pin To Net: NetName=RX Pin=IC4-13
Added Pin To Net: NetName=TX Pin=IC4-14
Added Pin To Net: NetName=RST Pin=IC4-20
Added Pin To Net: NetName=NSS Pin=IC4-21
Added Pin To Net: NetName=SDA Pin=IC4-23
Added Pin To Net: NetName=SCL Pin=IC4-24
Added Pin To Net: NetName=MISO Pin=IC4-25
Added Pin To Net: NetName=MOSI Pin=IC4-26
Added Pin To Net: NetName=SCK Pin=IC4-27
Added Pin To Net: NetName=3V3 Pin=IC4-31
Added Member To Class: ClassName=FirebeetleNodoFinal Member=Component IC4 FIREBEETLE
Added Room: Name=FirebeetleNodoFinal
